<?xml version="1.0" encoding="UTF-8"?>
<testng-results ignored="0" total="1" passed="1" failed="0" skipped="0">
  <reporter-output>
    <line>
      <![CDATA[[[ChromeDriver: chrome on WINDOWS (0f3c64a44d99f2fe89be768912bf5336)] -> xpath: (//button[@class='OpenQrfButton button-primary'])[1]] <--- has been clicked<br>]]>
    </line>
  </reporter-output>
  <suite started-at="2022-11-13T23:47:43 EST" name="Default suite" finished-at="2022-11-13T23:48:49 EST" duration-ms="66325">
    <groups>
    </groups>
    <test started-at="2022-11-13T23:47:43 EST" name="Default test" finished-at="2022-11-13T23:48:49 EST" duration-ms="66325">
      <class name="basicInfoAboutYouTest.BasicInfoAboutYouTest">
        <test-method is-config="true" signature="setUpDriver()[pri:0, instance:basicInfoAboutYouTest.BasicInfoAboutYouTest@66d3eec0]" started-at="2022-11-13T23:47:43 EST" name="setUpDriver" finished-at="2022-11-13T23:48:49 EST" duration-ms="66053" status="PASS">
          <reporter-output>
          </reporter-output>
        </test-method> <!-- setUpDriver -->
        <test-method signature="BasicInfoAboutYou()[pri:0, instance:basicInfoAboutYouTest.BasicInfoAboutYouTest@66d3eec0]" started-at="2022-11-13T23:48:49 EST" name="BasicInfoAboutYou" finished-at="2022-11-13T23:48:49 EST" duration-ms="133" status="PASS">
          <reporter-output>
            <line>
              <![CDATA[[[ChromeDriver: chrome on WINDOWS (0f3c64a44d99f2fe89be768912bf5336)] -> xpath: (//button[@class='OpenQrfButton button-primary'])[1]] <--- has been clicked<br>]]>
            </line>
          </reporter-output>
        </test-method> <!-- BasicInfoAboutYou -->
        <test-method is-config="true" signature="closingTheDriverSession()[pri:0, instance:basicInfoAboutYouTest.BasicInfoAboutYouTest@66d3eec0]" started-at="2022-11-13T23:48:49 EST" name="closingTheDriverSession" finished-at="2022-11-13T23:48:49 EST" duration-ms="109" status="PASS">
          <reporter-output>
          </reporter-output>
        </test-method> <!-- closingTheDriverSession -->
      </class> <!-- basicInfoAboutYouTest.BasicInfoAboutYouTest -->
    </test> <!-- Default test -->
  </suite> <!-- Default suite -->
</testng-results>
